mode: atomic
github.com/apoplexi24/gpandas/plot/bar.go:22.83,24.20 1 1030
github.com/apoplexi24/gpandas/plot/bar.go:24.20,26.3 1 1
github.com/apoplexi24/gpandas/plot/bar.go:27.2,27.20 1 1029
github.com/apoplexi24/gpandas/plot/bar.go:27.20,29.3 1 1
github.com/apoplexi24/gpandas/plot/bar.go:32.2,32.55 1 1028
github.com/apoplexi24/gpandas/plot/bar.go:32.55,34.3 1 91
github.com/apoplexi24/gpandas/plot/bar.go:37.2,40.32 2 937
github.com/apoplexi24/gpandas/plot/bar.go:40.32,42.3 1 3
github.com/apoplexi24/gpandas/plot/bar.go:45.2,46.16 2 934
github.com/apoplexi24/gpandas/plot/bar.go:46.16,48.3 1 0
github.com/apoplexi24/gpandas/plot/bar.go:51.2,52.16 2 934
github.com/apoplexi24/gpandas/plot/bar.go:52.16,54.3 1 0
github.com/apoplexi24/gpandas/plot/bar.go:57.2,83.16 6 934
github.com/apoplexi24/gpandas/plot/bar.go:83.16,85.3 1 94
github.com/apoplexi24/gpandas/plot/bar.go:86.2,88.38 2 840
github.com/apoplexi24/gpandas/plot/bar.go:88.38,90.3 1 0
github.com/apoplexi24/gpandas/plot/bar.go:92.2,92.12 1 840
github.com/apoplexi24/gpandas/plot/bar.go:99.68,102.16 2 934
github.com/apoplexi24/gpandas/plot/bar.go:102.16,104.3 1 0
github.com/apoplexi24/gpandas/plot/bar.go:107.2,108.27 2 934
github.com/apoplexi24/gpandas/plot/bar.go:108.27,110.3 1 16912
github.com/apoplexi24/gpandas/plot/bar.go:112.2,112.20 1 934
github.com/apoplexi24/gpandas/plot/line.go:25.130,27.20 1 377
github.com/apoplexi24/gpandas/plot/line.go:27.20,29.3 1 1
github.com/apoplexi24/gpandas/plot/line.go:30.2,30.27 1 376
github.com/apoplexi24/gpandas/plot/line.go:30.27,32.3 1 1
github.com/apoplexi24/gpandas/plot/line.go:33.2,33.42 1 375
github.com/apoplexi24/gpandas/plot/line.go:33.42,36.3 1 1
github.com/apoplexi24/gpandas/plot/line.go:39.2,39.38 1 374
github.com/apoplexi24/gpandas/plot/line.go:39.38,40.21 1 465
github.com/apoplexi24/gpandas/plot/line.go:40.21,42.4 1 1
github.com/apoplexi24/gpandas/plot/line.go:43.3,43.56 1 464
github.com/apoplexi24/gpandas/plot/line.go:43.56,45.4 1 94
github.com/apoplexi24/gpandas/plot/line.go:49.2,52.32 2 279
github.com/apoplexi24/gpandas/plot/line.go:52.32,54.3 1 3
github.com/apoplexi24/gpandas/plot/line.go:57.2,58.16 2 276
github.com/apoplexi24/gpandas/plot/line.go:58.16,60.3 1 0
github.com/apoplexi24/gpandas/plot/line.go:63.2,85.38 4 276
github.com/apoplexi24/gpandas/plot/line.go:85.38,88.17 2 367
github.com/apoplexi24/gpandas/plot/line.go:88.17,90.4 1 0
github.com/apoplexi24/gpandas/plot/line.go:93.3,93.43 1 367
github.com/apoplexi24/gpandas/plot/line.go:97.2,98.16 2 276
github.com/apoplexi24/gpandas/plot/line.go:98.16,100.3 1 1
github.com/apoplexi24/gpandas/plot/line.go:101.2,103.39 2 275
github.com/apoplexi24/gpandas/plot/line.go:103.39,105.3 1 0
github.com/apoplexi24/gpandas/plot/line.go:107.2,107.12 1 275
github.com/apoplexi24/gpandas/plot/line.go:114.70,117.16 2 367
github.com/apoplexi24/gpandas/plot/line.go:117.16,119.3 1 0
github.com/apoplexi24/gpandas/plot/line.go:122.2,123.27 2 367
github.com/apoplexi24/gpandas/plot/line.go:123.27,125.3 1 5503
github.com/apoplexi24/gpandas/plot/line.go:127.2,127.20 1 367
github.com/apoplexi24/gpandas/plot/options.go:27.42,34.2 1 0
github.com/apoplexi24/gpandas/plot/options.go:39.60,40.17 1 1408
github.com/apoplexi24/gpandas/plot/options.go:40.17,42.3 1 0
github.com/apoplexi24/gpandas/plot/options.go:45.2,54.23 2 1408
github.com/apoplexi24/gpandas/plot/options.go:54.23,56.3 1 1131
github.com/apoplexi24/gpandas/plot/options.go:57.2,57.24 1 1408
github.com/apoplexi24/gpandas/plot/options.go:57.24,59.3 1 1131
github.com/apoplexi24/gpandas/plot/options.go:61.2,61.15 1 1408
github.com/apoplexi24/gpandas/plot/pie.go:23.91,25.24 1 286
github.com/apoplexi24/gpandas/plot/pie.go:25.24,27.3 1 1
github.com/apoplexi24/gpandas/plot/pie.go:28.2,28.24 1 285
github.com/apoplexi24/gpandas/plot/pie.go:28.24,30.3 1 1
github.com/apoplexi24/gpandas/plot/pie.go:33.2,33.59 1 284
github.com/apoplexi24/gpandas/plot/pie.go:33.59,35.3 1 92
github.com/apoplexi24/gpandas/plot/pie.go:38.2,41.32 2 192
github.com/apoplexi24/gpandas/plot/pie.go:41.32,43.3 1 3
github.com/apoplexi24/gpandas/plot/pie.go:46.2,47.16 2 189
github.com/apoplexi24/gpandas/plot/pie.go:47.16,49.3 1 0
github.com/apoplexi24/gpandas/plot/pie.go:52.2,77.16 5 189
github.com/apoplexi24/gpandas/plot/pie.go:77.16,79.3 1 1
github.com/apoplexi24/gpandas/plot/pie.go:80.2,82.38 2 188
github.com/apoplexi24/gpandas/plot/pie.go:82.38,84.3 1 0
github.com/apoplexi24/gpandas/plot/pie.go:86.2,86.12 1 188
github.com/apoplexi24/gpandas/plot/pie.go:93.91,94.24 1 189
github.com/apoplexi24/gpandas/plot/pie.go:94.24,96.3 1 0
github.com/apoplexi24/gpandas/plot/pie.go:97.2,97.24 1 189
github.com/apoplexi24/gpandas/plot/pie.go:97.24,99.3 1 0
github.com/apoplexi24/gpandas/plot/pie.go:102.2,102.59 1 189
github.com/apoplexi24/gpandas/plot/pie.go:102.59,104.3 1 0
github.com/apoplexi24/gpandas/plot/pie.go:107.2,107.44 1 189
github.com/apoplexi24/gpandas/plot/pie.go:107.44,110.3 1 0
github.com/apoplexi24/gpandas/plot/pie.go:112.2,115.41 3 189
github.com/apoplexi24/gpandas/plot/pie.go:115.41,117.53 1 3376
github.com/apoplexi24/gpandas/plot/pie.go:117.53,118.12 1 2
github.com/apoplexi24/gpandas/plot/pie.go:122.3,123.17 2 3374
github.com/apoplexi24/gpandas/plot/pie.go:123.17,125.4 1 0
github.com/apoplexi24/gpandas/plot/pie.go:126.3,127.10 2 3374
github.com/apoplexi24/gpandas/plot/pie.go:127.10,129.4 1 0
github.com/apoplexi24/gpandas/plot/pie.go:132.3,133.17 2 3374
github.com/apoplexi24/gpandas/plot/pie.go:133.17,135.4 1 0
github.com/apoplexi24/gpandas/plot/pie.go:138.3,139.40 2 3374
github.com/apoplexi24/gpandas/plot/pie.go:139.40,141.11 2 1591
github.com/apoplexi24/gpandas/plot/pie.go:141.11,143.5 1 0
github.com/apoplexi24/gpandas/plot/pie.go:144.4,144.30 1 1591
github.com/apoplexi24/gpandas/plot/pie.go:145.9,147.11 2 1783
github.com/apoplexi24/gpandas/plot/pie.go:147.11,149.5 1 0
github.com/apoplexi24/gpandas/plot/pie.go:150.4,150.19 1 1783
github.com/apoplexi24/gpandas/plot/pie.go:153.3,156.5 1 3374
github.com/apoplexi24/gpandas/plot/pie.go:159.2,159.20 1 189
github.com/apoplexi24/gpandas/plot/pie.go:165.98,167.2 1 0
github.com/apoplexi24/gpandas/plot/utils.go:13.66,14.14 1 1498
github.com/apoplexi24/gpandas/plot/utils.go:14.14,16.3 1 0
github.com/apoplexi24/gpandas/plot/utils.go:18.2,20.31 2 1498
github.com/apoplexi24/gpandas/plot/utils.go:20.31,22.18 1 25817
github.com/apoplexi24/gpandas/plot/utils.go:22.18,23.12 1 1117
github.com/apoplexi24/gpandas/plot/utils.go:27.3,28.17 2 24700
github.com/apoplexi24/gpandas/plot/utils.go:28.17,30.4 1 0
github.com/apoplexi24/gpandas/plot/utils.go:33.3,34.10 2 24700
github.com/apoplexi24/gpandas/plot/utils.go:34.10,36.4 1 95
github.com/apoplexi24/gpandas/plot/utils.go:38.3,38.34 1 24605
github.com/apoplexi24/gpandas/plot/utils.go:41.2,41.20 1 1403
github.com/apoplexi24/gpandas/plot/utils.go:46.55,47.14 1 4032
github.com/apoplexi24/gpandas/plot/utils.go:47.14,49.3 1 0
github.com/apoplexi24/gpandas/plot/utils.go:51.2,52.78 2 4032
github.com/apoplexi24/gpandas/plot/utils.go:52.78,54.3 1 375
github.com/apoplexi24/gpandas/plot/utils.go:56.2,56.12 1 3657
github.com/apoplexi24/gpandas/plot/utils.go:63.68,64.49 1 1781
github.com/apoplexi24/gpandas/plot/utils.go:64.49,66.3 1 0
github.com/apoplexi24/gpandas/plot/utils.go:68.2,71.31 3 1781
github.com/apoplexi24/gpandas/plot/utils.go:71.31,73.18 1 34448
github.com/apoplexi24/gpandas/plot/utils.go:73.18,74.12 1 1027
github.com/apoplexi24/gpandas/plot/utils.go:78.3,79.17 2 33421
github.com/apoplexi24/gpandas/plot/utils.go:79.17,81.4 1 0
github.com/apoplexi24/gpandas/plot/utils.go:84.3,85.40 2 33421
github.com/apoplexi24/gpandas/plot/utils.go:85.40,87.11 2 8218
github.com/apoplexi24/gpandas/plot/utils.go:87.11,89.5 1 0
github.com/apoplexi24/gpandas/plot/utils.go:90.4,90.30 1 8218
github.com/apoplexi24/gpandas/plot/utils.go:91.9,93.11 2 25203
github.com/apoplexi24/gpandas/plot/utils.go:93.11,95.5 1 0
github.com/apoplexi24/gpandas/plot/utils.go:96.4,96.19 1 25203
github.com/apoplexi24/gpandas/plot/utils.go:99.3,99.36 1 33421
github.com/apoplexi24/gpandas/plot/utils.go:102.2,102.20 1 1781
github.com/apoplexi24/gpandas/plot/utils.go:110.73,112.2 1 288
github.com/apoplexi24/gpandas/plot/utils.go:115.62,117.2 1 286
github.com/apoplexi24/gpandas/plot/utils.go:120.75,122.2 1 480
